{"uid":"d57ce581f15fef98","name":"TestDealsFromCatch","fullName":"com.qa.catchoftheday.HomePageTest.TestDealsFromCatch","historyId":"7169955388f1c445f5b1f94db0adb841","time":{"start":1718095377833,"stop":1718095407298,"duration":29465},"status":"broken","statusMessage":"Error {\n  message='Error: strict mode violation: getByLabel(\"Add to cart\") resolved to 2 elements:\n    1) <button class=\"css-1nd0s9f\" aria-label=\"Add to cart\" dat…>Add to Cart</button> aka locator(\"div\").filter(new Locator.FilterOptions().setHasText(Pattern.compile(\"^Add to CartBuy Now$\"))).getByLabel(\"Add to cart\")\n    2) <button class=\"css-15d4t8i\" aria-label=\"Add to cart\">Add to Cart</button> aka locator(\"[id=\\\"\\\\32 \\\"]\").getByLabel(\"Add to cart\")\n\n  name='Error\n  stack='Error: Error: strict mode violation: getByLabel(\"Add to cart\") resolved to 2 elements:\n    1) <button class=\"css-1nd0s9f\" aria-label=\"Add to cart\" dat…>Add to Cart</button> aka locator(\"div\").filter(new Locator.FilterOptions().setHasText(Pattern.compile(\"^Add to CartBuy Now$\"))).getByLabel(\"Add to cart\")\n    2) <button class=\"css-15d4t8i\" aria-label=\"Add to cart\">Add to Cart</button> aka locator(\"[id=\\\"\\\\32 \\\"]\").getByLabel(\"Add to cart\")\n\n    at checkException (/tmp/playwright-java-10255782471555348895/package/lib/server/firefox/ffExecutionContext.js:111:121)\n    at FFExecutionContext.evaluateWithArguments (/tmp/playwright-java-10255782471555348895/package/lib/server/firefox/ffExecutionContext.js:82:5)\n    at async LongStandingScope._race (/tmp/playwright-java-10255782471555348895/package/lib/utils/manualPromise.js:96:14)\n    at async evaluateExpression (/tmp/playwright-java-10255782471555348895/package/lib/server/javascript.js:241:12)\n    at async /tmp/playwright-java-10255782471555348895/package/lib/server/frames.js:953:22\n    at async Frame.retryWithProgressAndTimeouts (/tmp/playwright-java-10255782471555348895/package/lib/server/frames.js:923:24)\n    at async /tmp/playwright-java-10255782471555348895/package/lib/server/frames.js:1008:29\n    at async ProgressController.run (/tmp/playwright-java-10255782471555348895/package/lib/server/progress.js:82:22)\n    at async FrameDispatcher.click (/tmp/playwright-java-10255782471555348895/package/lib/server/dispatchers/frameDispatcher.js:158:12)\n    at async LongStandingScope._race (/tmp/playwright-java-10255782471555348895/package/lib/utils/manualPromise.js:96:14)\n}\nCall log:\n- waiting for getByLabel(\"Add to cart\")\n","statusTrace":"com.microsoft.playwright.PlaywrightException: Error {\n  message='Error: strict mode violation: getByLabel(\"Add to cart\") resolved to 2 elements:\n    1) <button class=\"css-1nd0s9f\" aria-label=\"Add to cart\" dat…>Add to Cart</button> aka locator(\"div\").filter(new Locator.FilterOptions().setHasText(Pattern.compile(\"^Add to CartBuy Now$\"))).getByLabel(\"Add to cart\")\n    2) <button class=\"css-15d4t8i\" aria-label=\"Add to cart\">Add to Cart</button> aka locator(\"[id=\\\"\\\\32 \\\"]\").getByLabel(\"Add to cart\")\n\n  name='Error\n  stack='Error: Error: strict mode violation: getByLabel(\"Add to cart\") resolved to 2 elements:\n    1) <button class=\"css-1nd0s9f\" aria-label=\"Add to cart\" dat…>Add to Cart</button> aka locator(\"div\").filter(new Locator.FilterOptions().setHasText(Pattern.compile(\"^Add to CartBuy Now$\"))).getByLabel(\"Add to cart\")\n    2) <button class=\"css-15d4t8i\" aria-label=\"Add to cart\">Add to Cart</button> aka locator(\"[id=\\\"\\\\32 \\\"]\").getByLabel(\"Add to cart\")\n\n    at checkException (/tmp/playwright-java-10255782471555348895/package/lib/server/firefox/ffExecutionContext.js:111:121)\n    at FFExecutionContext.evaluateWithArguments (/tmp/playwright-java-10255782471555348895/package/lib/server/firefox/ffExecutionContext.js:82:5)\n    at async LongStandingScope._race (/tmp/playwright-java-10255782471555348895/package/lib/utils/manualPromise.js:96:14)\n    at async evaluateExpression (/tmp/playwright-java-10255782471555348895/package/lib/server/javascript.js:241:12)\n    at async /tmp/playwright-java-10255782471555348895/package/lib/server/frames.js:953:22\n    at async Frame.retryWithProgressAndTimeouts (/tmp/playwright-java-10255782471555348895/package/lib/server/frames.js:923:24)\n    at async /tmp/playwright-java-10255782471555348895/package/lib/server/frames.js:1008:29\n    at async ProgressController.run (/tmp/playwright-java-10255782471555348895/package/lib/server/progress.js:82:22)\n    at async FrameDispatcher.click (/tmp/playwright-java-10255782471555348895/package/lib/server/dispatchers/frameDispatcher.js:158:12)\n    at async LongStandingScope._race (/tmp/playwright-java-10255782471555348895/package/lib/utils/manualPromise.js:96:14)\n}\nCall log:\n- waiting for getByLabel(\"Add to cart\")\n\n\tat com.microsoft.playwright.impl.WaitableResult.get(WaitableResult.java:56)\n\tat com.microsoft.playwright.impl.ChannelOwner.runUntil(ChannelOwner.java:120)\n\tat com.microsoft.playwright.impl.Connection.sendMessage(Connection.java:130)\n\tat com.microsoft.playwright.impl.ChannelOwner.sendMessage(ChannelOwner.java:106)\n\tat com.microsoft.playwright.impl.FrameImpl.clickImpl(FrameImpl.java:252)\n\tat com.microsoft.playwright.impl.FrameImpl.lambda$click$8(FrameImpl.java:243)\n\tat com.microsoft.playwright.impl.LoggingSupport.lambda$withLogging$0(LoggingSupport.java:36)\n\tat com.microsoft.playwright.impl.LoggingSupport.withLogging(LoggingSupport.java:47)\n\tat com.microsoft.playwright.impl.ChannelOwner.withLogging(ChannelOwner.java:89)\n\tat com.microsoft.playwright.impl.LoggingSupport.withLogging(LoggingSupport.java:35)\n\tat com.microsoft.playwright.impl.FrameImpl.click(FrameImpl.java:243)\n\tat com.microsoft.playwright.impl.LocatorImpl.click(LocatorImpl.java:160)\n\tat com.microsoft.playwright.Locator.click(Locator.java:2468)\n\tat com.qa.catchoftheday.pages.HomePage.addRandomProductsToCart(HomePage.java:75)\n\tat com.qa.catchoftheday.HomePageTest.TestDealsFromCatch(HomePageTest.java:26)\n\tat java.base/jdk.internal.reflect.NativeMethodAccessorImpl.invoke0(Native Method)\n\tat java.base/jdk.internal.reflect.NativeMethodAccessorImpl.invoke(NativeMethodAccessorImpl.java:62)\n\tat java.base/jdk.internal.reflect.DelegatingMethodAccessorImpl.invoke(DelegatingMethodAccessorImpl.java:43)\n\tat java.base/java.lang.reflect.Method.invoke(Method.java:566)\n\tat org.testng.internal.invokers.MethodInvocationHelper.invokeMethod(MethodInvocationHelper.java:139)\n\tat org.testng.internal.invokers.TestInvoker.invokeMethod(TestInvoker.java:664)\n\tat org.testng.internal.invokers.TestInvoker.invokeTestMethod(TestInvoker.java:227)\n\tat org.testng.internal.invokers.MethodRunner.runInSequence(MethodRunner.java:50)\n\tat org.testng.internal.invokers.TestInvoker$MethodInvocationAgent.invoke(TestInvoker.java:957)\n\tat org.testng.internal.invokers.TestInvoker.invokeTestMethods(TestInvoker.java:200)\n\tat org.testng.internal.invokers.TestMethodWorker.invokeTestMethods(TestMethodWorker.java:148)\n\tat org.testng.internal.invokers.TestMethodWorker.run(TestMethodWorker.java:128)\n\tat java.base/java.util.ArrayList.forEach(ArrayList.java:1541)\n\tat org.testng.TestRunner.privateRun(TestRunner.java:848)\n\tat org.testng.TestRunner.run(TestRunner.java:621)\n\tat org.testng.SuiteRunner.runTest(SuiteRunner.java:443)\n\tat org.testng.SuiteRunner.runSequentially(SuiteRunner.java:437)\n\tat org.testng.SuiteRunner.privateRun(SuiteRunner.java:397)\n\tat org.testng.SuiteRunner.run(SuiteRunner.java:336)\n\tat org.testng.SuiteRunnerWorker.runSuite(SuiteRunnerWorker.java:52)\n\tat org.testng.SuiteRunnerWorker.run(SuiteRunnerWorker.java:95)\n\tat org.testng.TestNG.runSuitesSequentially(TestNG.java:1280)\n\tat org.testng.TestNG.runSuitesLocally(TestNG.java:1200)\n\tat org.testng.TestNG.runSuites(TestNG.java:1114)\n\tat org.testng.TestNG.run(TestNG.java:1082)\n\tat org.apache.maven.surefire.testng.TestNGExecutor.run(TestNGExecutor.java:155)\n\tat org.apache.maven.surefire.testng.TestNGDirectoryTestSuite.executeSingleClass(TestNGDirectoryTestSuite.java:102)\n\tat org.apache.maven.surefire.testng.TestNGDirectoryTestSuite.execute(TestNGDirectoryTestSuite.java:91)\n\tat org.apache.maven.surefire.testng.TestNGProvider.invoke(TestNGProvider.java:137)\n\tat org.apache.maven.surefire.booter.ForkedBooter.runSuitesInProcess(ForkedBooter.java:385)\n\tat org.apache.maven.surefire.booter.ForkedBooter.execute(ForkedBooter.java:162)\n\tat org.apache.maven.surefire.booter.ForkedBooter.run(ForkedBooter.java:507)\n\tat org.apache.maven.surefire.booter.ForkedBooter.main(ForkedBooter.java:495)\nCaused by: com.microsoft.playwright.impl.DriverException: Error {\n  message='Error: strict mode violation: getByLabel(\"Add to cart\") resolved to 2 elements:\n    1) <button class=\"css-1nd0s9f\" aria-label=\"Add to cart\" dat…>Add to Cart</button> aka locator(\"div\").filter(new Locator.FilterOptions().setHasText(Pattern.compile(\"^Add to CartBuy Now$\"))).getByLabel(\"Add to cart\")\n    2) <button class=\"css-15d4t8i\" aria-label=\"Add to cart\">Add to Cart</button> aka locator(\"[id=\\\"\\\\32 \\\"]\").getByLabel(\"Add to cart\")\n\n  name='Error\n  stack='Error: Error: strict mode violation: getByLabel(\"Add to cart\") resolved to 2 elements:\n    1) <button class=\"css-1nd0s9f\" aria-label=\"Add to cart\" dat…>Add to Cart</button> aka locator(\"div\").filter(new Locator.FilterOptions().setHasText(Pattern.compile(\"^Add to CartBuy Now$\"))).getByLabel(\"Add to cart\")\n    2) <button class=\"css-15d4t8i\" aria-label=\"Add to cart\">Add to Cart</button> aka locator(\"[id=\\\"\\\\32 \\\"]\").getByLabel(\"Add to cart\")\n\n    at checkException (/tmp/playwright-java-10255782471555348895/package/lib/server/firefox/ffExecutionContext.js:111:121)\n    at FFExecutionContext.evaluateWithArguments (/tmp/playwright-java-10255782471555348895/package/lib/server/firefox/ffExecutionContext.js:82:5)\n    at async LongStandingScope._race (/tmp/playwright-java-10255782471555348895/package/lib/utils/manualPromise.js:96:14)\n    at async evaluateExpression (/tmp/playwright-java-10255782471555348895/package/lib/server/javascript.js:241:12)\n    at async /tmp/playwright-java-10255782471555348895/package/lib/server/frames.js:953:22\n    at async Frame.retryWithProgressAndTimeouts (/tmp/playwright-java-10255782471555348895/package/lib/server/frames.js:923:24)\n    at async /tmp/playwright-java-10255782471555348895/package/lib/server/frames.js:1008:29\n    at async ProgressController.run (/tmp/playwright-java-10255782471555348895/package/lib/server/progress.js:82:22)\n    at async FrameDispatcher.click (/tmp/playwright-java-10255782471555348895/package/lib/server/dispatchers/frameDispatcher.js:158:12)\n    at async LongStandingScope._race (/tmp/playwright-java-10255782471555348895/package/lib/utils/manualPromise.js:96:14)\n}\nCall log:\n- waiting for getByLabel(\"Add to cart\")\n\n\tat com.microsoft.playwright.impl.Connection.dispatch(Connection.java:259)\n\tat com.microsoft.playwright.impl.Connection.processOneMessage(Connection.java:211)\n\tat com.microsoft.playwright.impl.ChannelOwner.runUntil(ChannelOwner.java:118)\n\t... 46 more\n","flaky":false,"newFailed":false,"newBroken":false,"newPassed":false,"retriesCount":0,"retriesStatusChange":false,"beforeStages":[{"name":"setUp","time":{"start":1718095372011,"stop":1718095377785,"duration":5774},"description":"","status":"passed","steps":[],"attachments":[],"parameters":[],"shouldDisplayMessage":false,"stepsCount":0,"attachmentsCount":0,"hasContent":false}],"afterStages":[{"name":"tearDown","time":{"start":1718095462352,"stop":1718095462937,"duration":585},"description":"","status":"passed","steps":[],"attachments":[],"parameters":[],"shouldDisplayMessage":false,"stepsCount":0,"attachmentsCount":0,"hasContent":false}],"labels":[{"name":"package","value":"com.qa.catchoftheday.HomePageTest"},{"name":"testClass","value":"com.qa.catchoftheday.HomePageTest"},{"name":"testMethod","value":"TestDealsFromCatch"},{"name":"parentSuite","value":"Surefire suite"},{"name":"suite","value":"Surefire test"},{"name":"subSuite","value":"com.qa.catchoftheday.HomePageTest"},{"name":"host","value":"fv-az1149-248"},{"name":"thread","value":"5647@fv-az1149-248.main(1)"},{"name":"framework","value":"testng"},{"name":"language","value":"java"},{"name":"resultFormat","value":"allure2"}],"parameters":[],"links":[],"hidden":false,"retry":false,"extra":{"severity":"normal","retries":[],"categories":[{"name":"Test defects","matchedStatuses":[],"flaky":false}],"tags":[]},"source":"d57ce581f15fef98.json","parameterValues":[]}